<?xml version="1.0" encoding="UTF-8"?>
<!-- Generated by org.testng.reporters.JUnitReportReporter -->
<testsuite hostname="LIN51016443" failures="0" tests="2" name="Cucumber.TestRunner" time="19.766" errors="0" timestamp="2024-08-16T09:17:10 IST" skipped="0">
  <testcase classname="Cucumber.TestRunner" name="runScenario" time="10.624"/>
  <testcase classname="Cucumber.TestRunner" name="runScenario" time="9.142"/>
</testsuite> <!-- Cucumber.TestRunner -->
